<?xml version="1.0" encoding="UTF-8"?>
<testsuite name="linked.list.LibraryTest" tests="1" skipped="0" failures="0" errors="0" timestamp="2021-10-18T16:58:00" hostname="LTUCSTUDENT-L15" time="0.026">
  <properties/>
  <testcase name="includes()" classname="linked.list.LibraryTest" time="0.026"/>
  <system-out><![CDATA[{ 3}->{ 2}->{ 1}->null
{ 3}->{ 2}->{ 1}->null
]]></system-out>
  <system-err><![CDATA[]]></system-err>
</testsuite>
